SF:lib/shared/models/quiz_model.dart
DA:5,1
DA:8,0
DA:13,0
DA:17,0
DA:22,0
DA:33,0
DA:41,0
DA:42,0
DA:43,0
DA:44,0
DA:45,0
DA:46,0
DA:47,0
DA:48,0
DA:52,0
DA:53,0
DA:54,0
DA:55,0
DA:56,0
DA:57,0
DA:58,0
DA:59,0
DA:60,0
DA:64,0
DA:66,0
DA:67,0
LF:26
LH:1
end_of_record
SF:lib/shared/models/user_model.dart
DA:9,0
DA:15,0
DA:16,0
DA:17,0
DA:18,0
DA:19,0
DA:20,0
DA:24,0
DA:25,0
DA:26,0
DA:27,0
DA:28,0
DA:29,0
DA:33,0
DA:35,0
DA:36,0
DA:37,0
DA:38,0
DA:39,0
DA:40,0
LF:20
LH:0
end_of_record
SF:lib/store/home/home_store.dart
DA:10,1
DA:11,1
DA:12,1
DA:25,1
DA:27,3
DA:29,1
DA:34,1
DA:36,3
DA:38,1
LF:9
LH:9
end_of_record
SF:lib/store/home/home_store.g.dart
DA:14,1
DA:16,2
DA:17,1
DA:20,0
DA:22,0
DA:23,0
DA:29,1
DA:31,2
DA:32,1
DA:35,0
DA:37,0
DA:38,0
DA:44,1
DA:46,2
DA:47,1
DA:50,0
DA:52,0
DA:53,0
DA:59,1
DA:61,4
DA:66,1
DA:68,4
DA:71,0
DA:74,0
DA:75,0
DA:76,0
DA:77,0
LF:27
LH:13
end_of_record
SF:lib/repository/home/home_repository.dart
DA:9,1
DA:10,5
DA:11,0
DA:12,0
DA:14,0
DA:18,1
DA:19,5
DA:20,0
DA:21,0
LF:9
LH:4
end_of_record
SF:lib/shared/models/awnser_model.dart
DA:7,0
DA:9,0
DA:10,0
DA:11,0
DA:12,0
DA:16,0
DA:17,0
DA:18,0
DA:19,0
DA:23,0
DA:25,0
DA:26,0
LF:12
LH:0
end_of_record
SF:lib/shared/models/question_model.dart
DA:9,0
DA:10,0
DA:12,0
DA:13,0
DA:14,0
DA:15,0
DA:19,0
DA:20,0
DA:21,0
DA:22,0
DA:23,0
DA:27,0
DA:29,0
DA:30,0
LF:14
LH:0
end_of_record
